{"/Users/macbook/Documents/projects/binar/module-7-cicd/weather-report/source/apiUtils.ts": {"path":"/Users/macbook/Documents/projects/binar/module-7-cicd/weather-report/source/apiUtils.ts","statementMap":{"0":{"start":{"line":4,"column":0},"end":{"line":4,"column":16}},"1":{"start":{"line":9,"column":0},"end":{"line":9,"column":16}},"2":{"start":{"line":15,"column":0},"end":{"line":15,"column":16}},"3":{"start":{"line":25,"column":0},"end":{"line":25,"column":16}},"4":{"start":{"line":38,"column":0},"end":{"line":38,"column":16}},"5":{"start":{"line":44,"column":0},"end":{"line":44,"column":16}},"6":{"start":{"line":60,"column":0},"end":{"line":60,"column":16}},"7":{"start":{"line":94,"column":9},"end":{"line":94,"column":12}},"8":{"start":{"line":5,"column":2},"end":{"line":5,"column":42}},"9":{"start":{"line":11,"column":2},"end":{"line":11,"column":20}},"10":{"start":{"line":16,"column":2},"end":{"line":21,"column":3}},"11":{"start":{"line":17,"column":14},"end":{"line":17,"column":62}},"12":{"start":{"line":18,"column":4},"end":{"line":18,"column":125}},"13":{"start":{"line":20,"column":4},"end":{"line":20,"column":14}},"14":{"start":{"line":26,"column":2},"end":{"line":34,"column":3}},"15":{"start":{"line":27,"column":14},"end":{"line":27,"column":77}},"16":{"start":{"line":28,"column":17},"end":{"line":28,"column":32}},"17":{"start":{"line":29,"column":18},"end":{"line":29,"column":64}},"18":{"start":{"line":30,"column":16},"end":{"line":30,"column":55}},"19":{"start":{"line":31,"column":4},"end":{"line":31,"column":37}},"20":{"start":{"line":33,"column":4},"end":{"line":33,"column":26}},"21":{"start":{"line":39,"column":2},"end":{"line":39,"column":42}},"22":{"start":{"line":39,"column":33},"end":{"line":39,"column":42}},"23":{"start":{"line":40,"column":16},"end":{"line":40,"column":65}},"24":{"start":{"line":40,"column":51},"end":{"line":40,"column":61}},"25":{"start":{"line":41,"column":2},"end":{"line":41,"column":37}},"26":{"start":{"line":45,"column":2},"end":{"line":45,"column":42}},"27":{"start":{"line":45,"column":33},"end":{"line":45,"column":42}},"28":{"start":{"line":48,"column":17},"end":{"line":48,"column":56}},"29":{"start":{"line":48,"column":50},"end":{"line":48,"column":55}},"30":{"start":{"line":51,"column":14},"end":{"line":51,"column":43}},"31":{"start":{"line":53,"column":2},"end":{"line":55,"column":3}},"32":{"start":{"line":54,"column":4},"end":{"line":54,"column":47}},"33":{"start":{"line":56,"column":2},"end":{"line":56,"column":21}},"34":{"start":{"line":62,"column":2},"end":{"line":65,"column":4}},"35":{"start":{"line":91,"column":2},"end":{"line":91,"column":15}}},"fnMap":{"0":{"name":"doStuff","decl":{"start":{"line":4,"column":16},"end":{"line":4,"column":23}},"loc":{"start":{"line":4,"column":34},"end":{"line":6,"column":1}}},"1":{"name":"dynamicEval","decl":{"start":{"line":9,"column":16},"end":{"line":9,"column":27}},"loc":{"start":{"line":9,"column":46},"end":{"line":12,"column":1}}},"2":{"name":"formatDate","decl":{"start":{"line":15,"column":16},"end":{"line":15,"column":26}},"loc":{"start":{"line":15,"column":46},"end":{"line":22,"column":1}}},"3":{"name":"dateFormat","decl":{"start":{"line":25,"column":16},"end":{"line":25,"column":26}},"loc":{"start":{"line":25,"column":51},"end":{"line":35,"column":1}}},"4":{"name":"calculateAverageTemperature","decl":{"start":{"line":38,"column":16},"end":{"line":38,"column":43}},"loc":{"start":{"line":38,"column":66},"end":{"line":42,"column":1}}},"5":{"name":"(anonymous_5)","decl":{"start":{"line":40,"column":36},"end":{"line":40,"column":37}},"loc":{"start":{"line":40,"column":51},"end":{"line":40,"column":61}}},"6":{"name":"calculateMedianTemperature","decl":{"start":{"line":44,"column":16},"end":{"line":44,"column":42}},"loc":{"start":{"line":44,"column":65},"end":{"line":57,"column":1}}},"7":{"name":"(anonymous_7)","decl":{"start":{"line":48,"column":40},"end":{"line":48,"column":41}},"loc":{"start":{"line":48,"column":50},"end":{"line":48,"column":55}}},"8":{"name":"getApiCredentials","decl":{"start":{"line":60,"column":16},"end":{"line":60,"column":33}},"loc":{"start":{"line":60,"column":33},"end":{"line":66,"column":1}}},"9":{"name":"sum","decl":{"start":{"line":90,"column":9},"end":{"line":90,"column":12}},"loc":{"start":{"line":90,"column":33},"end":{"line":92,"column":1}}}},"branchMap":{"0":{"loc":{"start":{"line":17,"column":14},"end":{"line":17,"column":62}},"type":"cond-expr","locations":[{"start":{"line":17,"column":41},"end":{"line":17,"column":55}},{"start":{"line":17,"column":58},"end":{"line":17,"column":62}}]},"1":{"loc":{"start":{"line":27,"column":14},"end":{"line":27,"column":77}},"type":"cond-expr","locations":[{"start":{"line":27,"column":46},"end":{"line":27,"column":65}},{"start":{"line":27,"column":68},"end":{"line":27,"column":77}}]},"2":{"loc":{"start":{"line":39,"column":2},"end":{"line":39,"column":42}},"type":"if","locations":[{"start":{"line":39,"column":2},"end":{"line":39,"column":42}}]},"3":{"loc":{"start":{"line":45,"column":2},"end":{"line":45,"column":42}},"type":"if","locations":[{"start":{"line":45,"column":2},"end":{"line":45,"column":42}}]},"4":{"loc":{"start":{"line":53,"column":2},"end":{"line":55,"column":3}},"type":"if","locations":[{"start":{"line":53,"column":2},"end":{"line":55,"column":3}}]}},"s":{"0":1,"1":1,"2":1,"3":1,"4":1,"5":1,"6":1,"7":1,"8":0,"9":0,"10":0,"11":0,"12":0,"13":0,"14":0,"15":0,"16":0,"17":0,"18":0,"19":0,"20":0,"21":0,"22":0,"23":0,"24":0,"25":0,"26":0,"27":0,"28":0,"29":0,"30":0,"31":0,"32":0,"33":0,"34":0,"35":1},"f":{"0":0,"1":0,"2":0,"3":0,"4":0,"5":0,"6":0,"7":0,"8":0,"9":1},"b":{"0":[0,0],"1":[0,0],"2":[0],"3":[0],"4":[0]}}
}
