{"/Users/macbook/Documents/projects/binar/module-7-cicd/weather-report/source/apiUtils.ts": {"path":"/Users/macbook/Documents/projects/binar/module-7-cicd/weather-report/source/apiUtils.ts","statementMap":{"0":{"start":{"line":4,"column":0},"end":{"line":4,"column":16}},"1":{"start":{"line":9,"column":0},"end":{"line":9,"column":16}},"2":{"start":{"line":15,"column":0},"end":{"line":15,"column":16}},"3":{"start":{"line":27,"column":0},"end":{"line":27,"column":16}},"4":{"start":{"line":41,"column":0},"end":{"line":41,"column":16}},"5":{"start":{"line":47,"column":0},"end":{"line":47,"column":16}},"6":{"start":{"line":63,"column":0},"end":{"line":63,"column":16}},"7":{"start":{"line":97,"column":9},"end":{"line":97,"column":12}},"8":{"start":{"line":5,"column":2},"end":{"line":5,"column":42}},"9":{"start":{"line":11,"column":2},"end":{"line":11,"column":26}},"10":{"start":{"line":16,"column":2},"end":{"line":23,"column":3}},"11":{"start":{"line":17,"column":14},"end":{"line":17,"column":62}},"12":{"start":{"line":18,"column":4},"end":{"line":18,"column":125}},"13":{"start":{"line":21,"column":4},"end":{"line":21,"column":41}},"14":{"start":{"line":22,"column":4},"end":{"line":22,"column":14}},"15":{"start":{"line":28,"column":2},"end":{"line":37,"column":3}},"16":{"start":{"line":29,"column":14},"end":{"line":29,"column":77}},"17":{"start":{"line":30,"column":17},"end":{"line":30,"column":32}},"18":{"start":{"line":31,"column":18},"end":{"line":31,"column":64}},"19":{"start":{"line":32,"column":16},"end":{"line":32,"column":55}},"20":{"start":{"line":33,"column":4},"end":{"line":33,"column":37}},"21":{"start":{"line":35,"column":4},"end":{"line":35,"column":51}},"22":{"start":{"line":36,"column":4},"end":{"line":36,"column":26}},"23":{"start":{"line":42,"column":2},"end":{"line":42,"column":42}},"24":{"start":{"line":42,"column":33},"end":{"line":42,"column":42}},"25":{"start":{"line":43,"column":14},"end":{"line":43,"column":63}},"26":{"start":{"line":43,"column":49},"end":{"line":43,"column":59}},"27":{"start":{"line":44,"column":2},"end":{"line":44,"column":35}},"28":{"start":{"line":48,"column":2},"end":{"line":48,"column":42}},"29":{"start":{"line":48,"column":33},"end":{"line":48,"column":42}},"30":{"start":{"line":51,"column":17},"end":{"line":51,"column":56}},"31":{"start":{"line":51,"column":50},"end":{"line":51,"column":55}},"32":{"start":{"line":54,"column":14},"end":{"line":54,"column":43}},"33":{"start":{"line":56,"column":2},"end":{"line":58,"column":3}},"34":{"start":{"line":57,"column":4},"end":{"line":57,"column":47}},"35":{"start":{"line":59,"column":2},"end":{"line":59,"column":21}},"36":{"start":{"line":65,"column":2},"end":{"line":68,"column":4}},"37":{"start":{"line":94,"column":2},"end":{"line":94,"column":15}}},"fnMap":{"0":{"name":"doStuff","decl":{"start":{"line":4,"column":16},"end":{"line":4,"column":23}},"loc":{"start":{"line":4,"column":33},"end":{"line":6,"column":1}}},"1":{"name":"dynamicEval","decl":{"start":{"line":9,"column":16},"end":{"line":9,"column":27}},"loc":{"start":{"line":9,"column":46},"end":{"line":12,"column":1}}},"2":{"name":"formatDate","decl":{"start":{"line":15,"column":16},"end":{"line":15,"column":26}},"loc":{"start":{"line":15,"column":46},"end":{"line":24,"column":1}}},"3":{"name":"dateFormat","decl":{"start":{"line":27,"column":16},"end":{"line":27,"column":26}},"loc":{"start":{"line":27,"column":51},"end":{"line":38,"column":1}}},"4":{"name":"calculateAverageTemperature","decl":{"start":{"line":41,"column":16},"end":{"line":41,"column":43}},"loc":{"start":{"line":41,"column":66},"end":{"line":45,"column":1}}},"5":{"name":"(anonymous_5)","decl":{"start":{"line":43,"column":34},"end":{"line":43,"column":35}},"loc":{"start":{"line":43,"column":49},"end":{"line":43,"column":59}}},"6":{"name":"calculateMedianTemperature","decl":{"start":{"line":47,"column":16},"end":{"line":47,"column":42}},"loc":{"start":{"line":47,"column":65},"end":{"line":60,"column":1}}},"7":{"name":"(anonymous_7)","decl":{"start":{"line":51,"column":40},"end":{"line":51,"column":41}},"loc":{"start":{"line":51,"column":50},"end":{"line":51,"column":55}}},"8":{"name":"getApiCredentials","decl":{"start":{"line":63,"column":16},"end":{"line":63,"column":33}},"loc":{"start":{"line":63,"column":33},"end":{"line":69,"column":1}}},"9":{"name":"sum","decl":{"start":{"line":93,"column":9},"end":{"line":93,"column":12}},"loc":{"start":{"line":93,"column":33},"end":{"line":95,"column":1}}}},"branchMap":{"0":{"loc":{"start":{"line":17,"column":14},"end":{"line":17,"column":62}},"type":"cond-expr","locations":[{"start":{"line":17,"column":41},"end":{"line":17,"column":55}},{"start":{"line":17,"column":58},"end":{"line":17,"column":62}}]},"1":{"loc":{"start":{"line":29,"column":14},"end":{"line":29,"column":77}},"type":"cond-expr","locations":[{"start":{"line":29,"column":46},"end":{"line":29,"column":65}},{"start":{"line":29,"column":68},"end":{"line":29,"column":77}}]},"2":{"loc":{"start":{"line":42,"column":2},"end":{"line":42,"column":42}},"type":"if","locations":[{"start":{"line":42,"column":2},"end":{"line":42,"column":42}}]},"3":{"loc":{"start":{"line":48,"column":2},"end":{"line":48,"column":42}},"type":"if","locations":[{"start":{"line":48,"column":2},"end":{"line":48,"column":42}}]},"4":{"loc":{"start":{"line":56,"column":2},"end":{"line":58,"column":3}},"type":"if","locations":[{"start":{"line":56,"column":2},"end":{"line":58,"column":3}}]}},"s":{"0":1,"1":1,"2":1,"3":1,"4":1,"5":1,"6":1,"7":1,"8":0,"9":0,"10":0,"11":0,"12":0,"13":0,"14":0,"15":0,"16":0,"17":0,"18":0,"19":0,"20":0,"21":0,"22":0,"23":0,"24":0,"25":0,"26":0,"27":0,"28":0,"29":0,"30":0,"31":0,"32":0,"33":0,"34":0,"35":0,"36":0,"37":1},"f":{"0":0,"1":0,"2":0,"3":0,"4":0,"5":0,"6":0,"7":0,"8":0,"9":1},"b":{"0":[0,0],"1":[0,0],"2":[0],"3":[0],"4":[0]}}
}
