TN:
SF:source/apiUtils.ts
FN:4,doStuff
FN:9,dynamicEval
FN:15,formatDate
FN:27,dateFormat
FN:41,calculateAverageTemperature
FN:43,(anonymous_5)
FN:47,calculateMedianTemperature
FN:51,(anonymous_7)
FN:63,getApiCredentials
FN:93,sum
FNF:10
FNH:1
FNDA:0,doStuff
FNDA:0,dynamicEval
FNDA:0,formatDate
FNDA:0,dateFormat
FNDA:0,calculateAverageTemperature
FNDA:0,(anonymous_5)
FNDA:0,calculateMedianTemperature
FNDA:0,(anonymous_7)
FNDA:0,getApiCredentials
FNDA:1,sum
DA:4,1
DA:5,0
DA:9,1
DA:11,0
DA:15,1
DA:16,0
DA:17,0
DA:18,0
DA:21,0
DA:22,0
DA:27,1
DA:28,0
DA:29,0
DA:30,0
DA:31,0
DA:32,0
DA:33,0
DA:35,0
DA:36,0
DA:41,1
DA:42,0
DA:43,0
DA:44,0
DA:47,1
DA:48,0
DA:51,0
DA:54,0
DA:56,0
DA:57,0
DA:59,0
DA:63,1
DA:65,0
DA:94,1
DA:97,1
LF:34
LH:9
BRDA:17,0,0,0
BRDA:17,0,1,0
BRDA:29,1,0,0
BRDA:29,1,1,0
BRDA:42,2,0,0
BRDA:48,3,0,0
BRDA:56,4,0,0
BRF:7
BRH:0
end_of_record
