TN:
SF:source/apiUtils.ts
FN:4,doStuff
FN:9,dynamicEval
FN:15,formatDate
FN:25,dateFormat
FN:38,calculateAverageTemperature
FN:40,(anonymous_5)
FN:44,calculateMedianTemperature
FN:48,(anonymous_7)
FN:60,getApiCredentials
FN:90,sum
FNF:10
FNH:1
FNDA:0,doStuff
FNDA:0,dynamicEval
FNDA:0,formatDate
FNDA:0,dateFormat
FNDA:0,calculateAverageTemperature
FNDA:0,(anonymous_5)
FNDA:0,calculateMedianTemperature
FNDA:0,(anonymous_7)
FNDA:0,getApiCredentials
FNDA:1,sum
DA:4,1
DA:5,0
DA:9,1
DA:11,0
DA:15,1
DA:16,0
DA:17,0
DA:18,0
DA:20,0
DA:25,1
DA:26,0
DA:27,0
DA:28,0
DA:29,0
DA:30,0
DA:31,0
DA:33,0
DA:38,1
DA:39,0
DA:40,0
DA:41,0
DA:44,1
DA:45,0
DA:48,0
DA:51,0
DA:53,0
DA:54,0
DA:56,0
DA:60,1
DA:62,0
DA:91,1
DA:94,1
LF:32
LH:9
BRDA:17,0,0,0
BRDA:17,0,1,0
BRDA:27,1,0,0
BRDA:27,1,1,0
BRDA:39,2,0,0
BRDA:45,3,0,0
BRDA:53,4,0,0
BRF:7
BRH:0
end_of_record
